<?xml version="1.0" encoding="UTF-8"?>
<!-- Generated by org.testng.reporters.JUnitReportReporter -->
<testsuite hostname="Abhi" failures="0" tests="1"
	name="com.naveenAutomation.pageTests.NewsletterPageTest" time="12.602"
	errors="0" timestamp="09 Oct 2023 14:49:00 GMT" skipped="0">
	<testcase classname="com.naveenAutomation.pageTests.NewsletterPageTest"
		name="subscribeNewsletter" time="12.602" />
</testsuite> <!--
com.naveenAutomation.pageTests.NewsletterPageTest -->
