<?xml version="1.0" encoding="UTF-8"?>
<!-- Generated by org.testng.reporters.JUnitReportReporter -->
<testsuite hostname="Abhi" failures="0" tests="1"
	name="com.naveenAutomation.pageTests.LogoutPageTest" time="9.805" errors="0"
	timestamp="09 Oct 2023 04:34:02 GMT" skipped="0">
	<testcase classname="com.naveenAutomation.pageTests.LogoutPageTest"
		name="checkLogoutPage" time="9.805" />
</testsuite> <!--
com.naveenAutomation.pageTests.LogoutPageTest -->
