<?xml version="1.0" encoding="UTF-8"?>
<!-- Generated by org.testng.reporters.JUnitReportReporter -->
<testsuite hostname="Abhi" failures="0" tests="1" name="com.naveenAutomation.pageTests.ReturnPageTest" time="10.480" errors="0" timestamp="2023-10-12T17:18:30 EDT" skipped="0">
  <testcase classname="com.naveenAutomation.pageTests.ReturnPageTest" name="subscribeNewsletter" time="10.480"/>
</testsuite> <!-- com.naveenAutomation.pageTests.ReturnPageTest -->
